{
  "RSpec": {
    "coverage": {
      "/Users/ykulkarni/dev/template-twilio-ruby/lib/twilio-ruby/version.rb": {
        "lines": [
          1,
          1,
          null
        ],
        "branches": {
        }
      },
      "/Users/ykulkarni/dev/template-twilio-ruby/spec/support/fakeweb.rb": {
        "lines": [
          1,
          1
        ],
        "branches": {
        }
      },
      "/Users/ykulkarni/dev/template-twilio-ruby/spec/holodeck/holodeck.rb": {
        "lines": [
          1,
          null,
          1,
          1,
          null,
          1,
          1,
          null,
          1,
          1,
          1,
          1,
          1,
          1,
          1,
          1,
          null,
          null,
          1,
          0,
          null,
          null,
          1,
          0,
          null,
          null,
          null,
          0,
          0,
          null,
          0,
          null,
          null,
          null,
          1,
          0,
          null,
          null,
          null,
          1,
          null,
          1,
          0,
          0,
          null,
          null,
          1,
          0,
          null,
          null,
          1,
          0,
          null,
          null,
          null,
          null,
          null,
          null,
          null,
          0,
          null,
          null,
          1,
          0,
          null,
          null
        ],
        "branches": {
          "[:if, 0, 24, 6, 32, 9]": {
            "[:then, 1, 28, 8, 31, 12]": 0,
            "[:else, 2, 24, 6, 32, 9]": 0
          },
          "[:unless, 3, 29, 10, 29, 49]": {
            "[:else, 4, 29, 10, 29, 49]": 0,
            "[:then, 5, 29, 10, 29, 22]": 0
          }
        }
      },
      "/Users/ykulkarni/dev/template-twilio-ruby/spec/holodeck/hologram.rb": {
        "lines": [
          1,
          null,
          1,
          null
        ],
        "branches": {
        }
      },
      "/Users/ykulkarni/dev/template-twilio-ruby/lib/twilio-ruby.rb": {
        "lines": [
          null,
          null,
          1,
          1,
          1,
          1,
          1,
          1,
          1,
          1,
          null,
          1,
          1,
          null,
          1,
          1,
          1,
          null,
          1,
          4,
          null,
          null,
          1,
          1,
          null,
          1,
          1,
          1,
          1,
          null,
          1,
          null,
          null,
          null,
          null,
          1,
          0,
          null,
          null,
          null,
          null,
          1,
          0,
          null,
          null,
          1,
          null
        ],
        "branches": {
          "[:unless, 0, 12, 0, 12, 62]": {
            "[:else, 1, 12, 0, 12, 62]": 1,
            "[:then, 2, 12, 0, 12, 29]": 0
          },
          "[:if, 3, 13, 0, 13, 91]": {
            "[:then, 4, 13, 0, 13, 44]": 1,
            "[:else, 5, 13, 0, 13, 91]": 0
          }
        }
      },
      "/Users/ykulkarni/dev/template-twilio-ruby/lib/rack/twilio_webhook_authentication.rb": {
        "lines": [
          null,
          null,
          1,
          null,
          1,
          null,
          null,
          null,
          null,
          null,
          null,
          null,
          null,
          null,
          null,
          null,
          null,
          null,
          null,
          null,
          null,
          null,
          1,
          null,
          null,
          1,
          null,
          1,
          0,
          0,
          0,
          0,
          null,
          null,
          1,
          0,
          0,
          0,
          0,
          0,
          0,
          0,
          0,
          0,
          null,
          null,
          0,
          null,
          null,
          null,
          null,
          null,
          null,
          null,
          null,
          null,
          1,
          0,
          null,
          0,
          0,
          null,
          0,
          0,
          0,
          0,
          null,
          null,
          null,
          1,
          null,
          null
        ],
        "branches": {
          "[:if, 0, 31, 6, 31, 81]": {
            "[:then, 1, 31, 6, 31, 65]": 0,
            "[:else, 2, 31, 6, 31, 81]": 0
          },
          "[:unless, 3, 36, 6, 36, 70]": {
            "[:else, 4, 36, 6, 36, 70]": 0,
            "[:then, 5, 36, 6, 36, 27]": 0
          },
          "[:if, 6, 43, 6, 51, 9]": {
            "[:then, 7, 44, 8, 44, 22]": 0,
            "[:else, 8, 46, 8, 50, 9]": 0
          },
          "[:unless, 9, 58, 6, 58, 36]": {
            "[:else, 10, 58, 6, 58, 36]": 0,
            "[:then, 11, 58, 6, 58, 15]": 0
          },
          "[:if, 12, 60, 6, 67, 9]": {
            "[:then, 13, 61, 8, 61, 20]": 0,
            "[:else, 14, 63, 8, 66, 12]": 0
          }
        }
      },
      "/Users/ykulkarni/dev/template-twilio-ruby/lib/twilio-ruby/util.rb": {
        "lines": [
          null,
          null,
          1,
          1,
          1,
          0,
          0,
          null,
          null,
          1,
          0,
          0,
          0,
          null,
          0,
          null,
          null,
          null,
          null
        ],
        "branches": {
          "[:if, 0, 12, 6, 16, 9]": {
            "[:then, 1, 13, 8, 13, 32]": 0,
            "[:else, 2, 15, 8, 15, 16]": 0
          }
        }
      },
      "/Users/ykulkarni/dev/template-twilio-ruby/lib/twilio-ruby/security/request_validator.rb": {
        "lines": [
          null,
          null,
          1,
          1,
          1,
          null,
          null,
          null,
          null,
          null,
          1,
          0,
          0,
          null,
          null,
          null,
          null,
          null,
          null,
          null,
          null,
          null,
          null,
          null,
          null,
          null,
          1,
          0,
          0,
          0,
          null,
          0,
          0,
          0,
          0,
          0,
          0,
          0,
          null,
          null,
          null,
          null,
          0,
          0,
          null,
          0,
          null,
          null,
          null,
          null,
          null,
          null,
          null,
          null,
          1,
          0,
          0,
          null,
          null,
          null,
          null,
          null,
          null,
          null,
          null,
          null,
          1,
          0,
          0,
          0,
          null,
          null,
          1,
          null,
          null,
          null,
          null,
          1,
          0,
          null,
          0,
          null,
          0,
          0,
          0,
          null,
          null,
          null,
          null,
          null,
          null,
          null,
          null,
          null,
          null,
          null,
          1,
          0,
          0,
          null,
          0,
          null,
          null,
          null,
          null,
          null,
          null,
          null,
          null,
          null,
          1,
          0,
          0,
          null,
          0,
          null,
          null,
          null,
          null,
          null,
          null,
          null,
          null,
          null,
          1,
          0,
          0,
          null,
          null,
          null,
          null,
          null,
          null,
          null,
          null,
          1,
          0,
          null,
          0,
          0,
          0,
          0,
          0,
          0,
          null,
          0,
          null,
          null,
          null,
          null
        ],
        "branches": {
          "[:if, 0, 13, 8, 13, 73]": {
            "[:then, 1, 13, 8, 13, 53]": 0,
            "[:else, 2, 13, 8, 13, 73]": 0
          },
          "[:unless, 3, 34, 8, 39, 11]": {
            "[:else, 4, 34, 8, 39, 11]": 0,
            "[:then, 5, 35, 10, 38, 26]": 0
          },
          "[:unless, 6, 79, 8, 79, 52]": {
            "[:else, 7, 79, 8, 79, 52]": 0,
            "[:then, 8, 79, 8, 79, 20]": 0
          },
          "[:if, 9, 98, 8, 102, 11]": {
            "[:then, 10, 99, 10, 99, 36]": 0,
            "[:else, 11, 101, 10, 101, 24]": 0
          },
          "[:if, 12, 112, 8, 116, 11]": {
            "[:then, 13, 113, 10, 113, 45]": 0,
            "[:else, 14, 115, 10, 115, 25]": 0
          },
          "[:if, 15, 139, 15, 139, 65]": {
            "[:then, 16, 139, 35, 139, 60]": 0,
            "[:else, 17, 139, 63, 139, 65]": 0
          },
          "[:if, 18, 140, 15, 140, 67]": {
            "[:then, 19, 140, 37, 140, 62]": 0,
            "[:else, 20, 140, 65, 140, 67]": 0
          },
          "[:if, 21, 141, 15, 141, 77]": {
            "[:then, 22, 141, 33, 141, 72]": 0,
            "[:else, 23, 141, 75, 141, 77]": 0
          },
          "[:if, 24, 143, 15, 143, 61]": {
            "[:then, 25, 143, 34, 143, 56]": 0,
            "[:else, 26, 143, 59, 143, 61]": 0
          },
          "[:if, 27, 144, 15, 144, 67]": {
            "[:then, 28, 144, 37, 144, 62]": 0,
            "[:else, 29, 144, 65, 144, 67]": 0
          }
        }
      },
      "/Users/ykulkarni/dev/template-twilio-ruby/lib/twilio-ruby/util/configuration.rb": {
        "lines": [
          null,
          null,
          1,
          1,
          1,
          1,
          null,
          1,
          0,
          null,
          null,
          1,
          0,
          null,
          null,
          1,
          0,
          null,
          null,
          1,
          0,
          null,
          null,
          1,
          0,
          null,
          null,
          1,
          0,
          null,
          null,
          null,
          null
        ],
        "branches": {
        }
      },
      "/Users/ykulkarni/dev/template-twilio-ruby/lib/twilio-ruby/framework/request.rb": {
        "lines": [
          null,
          null,
          1,
          1,
          1,
          null,
          1,
          0,
          0,
          0,
          0,
          0,
          0,
          0,
          0,
          0,
          null,
          null,
          1,
          0,
          null,
          0,
          0,
          0,
          null,
          null,
          0,
          0,
          0,
          null,
          null,
          0,
          0,
          0,
          0,
          null,
          null,
          0,
          null,
          null,
          null
        ],
        "branches": {
          "[:if, 0, 20, 13, 20, 58]": {
            "[:then, 1, 20, 26, 20, 28]": 0,
            "[:else, 2, 20, 31, 20, 58]": 0
          },
          "[:unless, 3, 23, 6, 25, 9]": {
            "[:else, 4, 23, 6, 25, 9]": 0,
            "[:then, 5, 24, 8, 24, 108]": 0
          },
          "[:unless, 6, 28, 6, 30, 9]": {
            "[:else, 7, 28, 6, 30, 9]": 0,
            "[:then, 8, 29, 8, 29, 100]": 0
          },
          "[:unless, 9, 33, 6, 36, 9]": {
            "[:else, 10, 33, 6, 36, 9]": 0,
            "[:then, 11, 34, 8, 35, 87]": 0
          },
          "[:if, 12, 34, 15, 34, 53]": {
            "[:then, 13, 34, 39, 34, 46]": 0,
            "[:else, 14, 34, 49, 34, 53]": 0
          }
        }
      },
      "/Users/ykulkarni/dev/template-twilio-ruby/lib/twilio-ruby/framework/response.rb": {
        "lines": [
          null,
          null,
          1,
          1,
          1,
          null,
          1,
          0,
          0,
          0,
          0,
          null,
          null,
          1,
          0,
          null,
          null,
          null
        ],
        "branches": {
          "[:if, 0, 9, 6, 9, 41]": {
            "[:then, 1, 9, 6, 9, 17]": 0,
            "[:else, 2, 9, 6, 9, 41]": 0
          },
          "[:if, 3, 11, 17, 11, 48]": {
            "[:then, 4, 11, 28, 11, 30]": 0,
            "[:else, 5, 11, 33, 11, 48]": 0
          }
        }
      },
      "/Users/ykulkarni/dev/template-twilio-ruby/lib/twilio-ruby/framework/serialize.rb": {
        "lines": [
          null,
          null,
          1,
          1,
          0,
          0,
          0,
          0,
          0,
          0,
          0,
          0,
          null,
          null,
          null,
          1,
          0,
          0,
          0,
          0,
          0,
          0,
          0,
          0,
          null,
          null,
          null,
          1,
          0,
          null,
          null,
          1,
          0,
          null,
          null,
          1,
          0,
          null,
          null,
          1,
          0,
          0,
          null,
          0,
          null,
          null,
          null,
          1,
          0,
          0,
          0,
          null,
          0,
          null,
          null,
          null,
          0,
          null,
          null,
          1,
          0,
          0,
          0,
          0,
          0,
          0,
          null,
          null,
          null,
          0,
          null,
          null,
          1,
          0,
          0,
          0,
          0,
          null,
          0,
          null,
          null
        ],
        "branches": {
          "[:if, 0, 5, 4, 13, 7]": {
            "[:then, 1, 6, 6, 6, 10]": 0,
            "[:else, 2, 7, 4, 12, 10]": 0
          },
          "[:if, 3, 7, 4, 12, 10]": {
            "[:then, 4, 8, 6, 8, 18]": 0,
            "[:else, 5, 9, 4, 12, 10]": 0
          },
          "[:if, 6, 9, 4, 12, 10]": {
            "[:then, 7, 10, 6, 10, 31]": 0,
            "[:else, 8, 11, 4, 12, 10]": 0
          },
          "[:if, 9, 11, 4, 12, 10]": {
            "[:then, 10, 12, 6, 12, 10]": 0,
            "[:else, 11, 11, 4, 12, 10]": 0
          },
          "[:if, 12, 17, 4, 25, 7]": {
            "[:then, 13, 18, 6, 18, 10]": 0,
            "[:else, 14, 19, 4, 24, 10]": 0
          },
          "[:if, 15, 19, 4, 24, 10]": {
            "[:then, 16, 20, 6, 20, 59]": 0,
            "[:else, 17, 21, 4, 24, 10]": 0
          },
          "[:if, 18, 21, 4, 24, 10]": {
            "[:then, 19, 22, 6, 22, 22]": 0,
            "[:else, 20, 23, 4, 24, 10]": 0
          },
          "[:if, 21, 23, 4, 24, 10]": {
            "[:then, 22, 24, 6, 24, 10]": 0,
            "[:else, 23, 23, 4, 24, 10]": 0
          },
          "[:unless, 24, 29, 4, 29, 39]": {
            "[:else, 25, 29, 4, 29, 39]": 0,
            "[:then, 26, 29, 4, 29, 22]": 0
          },
          "[:unless, 27, 33, 4, 33, 37]": {
            "[:else, 28, 33, 4, 33, 37]": 0,
            "[:then, 29, 33, 4, 33, 20]": 0
          },
          "[:unless, 30, 37, 4, 37, 37]": {
            "[:else, 31, 37, 4, 37, 37]": 0,
            "[:then, 32, 37, 4, 37, 20]": 0
          },
          "[:if, 33, 41, 4, 45, 7]": {
            "[:then, 34, 42, 6, 42, 27]": 0,
            "[:else, 35, 44, 6, 44, 12]": 0
          },
          "[:if, 36, 50, 6, 54, 9]": {
            "[:then, 37, 51, 8, 51, 53]": 0,
            "[:else, 38, 53, 8, 53, 52]": 0
          },
          "[:if, 39, 62, 4, 68, 7]": {
            "[:then, 40, 63, 6, 67, 9]": 0,
            "[:else, 41, 62, 4, 68, 7]": 0
          },
          "[:unless, 42, 74, 4, 74, 51]": {
            "[:else, 43, 74, 4, 74, 51]": 0,
            "[:then, 44, 74, 4, 74, 21]": 0
          }
        }
      },
      "/Users/ykulkarni/dev/template-twilio-ruby/lib/twilio-ruby/framework/values.rb": {
        "lines": [
          null,
          null,
          1,
          1,
          1,
          0,
          null,
          null,
          null
        ],
        "branches": {
        }
      }
    },
    "timestamp": 1705996816
  }
}
